<?xml version="1.0" encoding="UTF-8"?>
<!-- Generated by org.testng.reporters.JUnitXMLReporter -->
<testsuite hostname="DESKTOP-N60QB27" ignored="0" name="Basic Test2" tests="1" failures="1" timestamp="2022-12-16T16:40:56 IST" time="0.079" errors="0">
  <testcase name="validateTitle" time="0.033" classname="test2.TestCase2">
    <failure type="java.lang.AssertionError" message="The following asserts failed:
	expected [false] but found [true],
	expected [yahoo.com] but found [Gmail.com]">
      <![CDATA[java.lang.AssertionError: The following asserts failed:
expected [false] but found [true],
expected [yahoo.com] but found [Gmail.com]
at test2.TestCase2.validateTitle(TestCase2.java:31)
at java.util.ArrayList.forEach(ArrayList.java:1257)
... Removed 29 stack frames]]>
    </failure>
  </testcase> <!-- validateTitle -->
</testsuite> <!-- Basic Test2 -->
